2026-04-19 13:10:10,781 Namespace(cfg='configs/robotics_semantic/pidnet_small_robotics_semantic.yaml', seed=304, opts=['TRAIN.END_EPOCH', '1', 'PRINT_FREQ', '10'])
2026-04-19 13:10:10,781 AUTO_RESUME: False
CUDNN:
  BENCHMARK: False
  DETERMINISTIC: True
  ENABLED: True
DATASET:
  DATASET: robotics_semantic
  EXTRA_TRAIN_SET: 
  NUM_CLASSES: 6
  ROOT: data/
  TEST_SET: list/robotics_semantic/val.lst
  TRAIN_SET: list/robotics_semantic/train.lst
GPUS: ()
LOG_DIR: log
LOSS:
  BALANCE_WEIGHTS: [0.4, 1.0]
  CLASS_BALANCE: False
  OHEMKEEP: 65536
  OHEMTHRES: 0.9
  SB_WEIGHTS: 1.0
  USE_OHEM: True
MODEL:
  ALIGN_CORNERS: True
  NAME: pidnet_small
  NUM_OUTPUTS: 2
  PRETRAINED: pretrained_models/cityscapes/PIDNet_S_Cityscapes_test.pt
OUTPUT_DIR: output
PIN_MEMORY: True
PRINT_FREQ: 10
TEST:
  BASE_SIZE: 432
  BATCH_SIZE_PER_GPU: 1
  FLIP_TEST: False
  IMAGE_SIZE: [432, 432]
  MODEL_FILE: 
  MULTI_SCALE: False
  OUTPUT_INDEX: 1
TRAIN:
  BASE_SIZE: 432
  BATCH_SIZE_PER_GPU: 2
  BEGIN_EPOCH: 0
  END_EPOCH: 1
  EXTRA_EPOCH: 0
  EXTRA_LR: 0.001
  FLIP: True
  IGNORE_LABEL: 255
  IMAGE_SIZE: [432, 432]
  LR: 0.002
  MOMENTUM: 0.9
  MULTI_SCALE: False
  NESTEROV: False
  OPTIMIZER: sgd
  RESUME: False
  SCALE_FACTOR: 8
  SHUFFLE: True
  WD: 0.0005
WORKERS: 0
2026-04-19 13:10:10,982 Attention!!!
2026-04-19 13:10:10,982 Loaded 475 parameters!
2026-04-19 13:10:10,982 Over!!!
2026-04-19 13:10:11,950 Epoch: [0/1] Iter:[0/35], Time: 0.43, lr: [0.002], Loss: 11.869634, Acc:0.214739, Semantic loss: 6.409987, BCE loss: 1.310935, SB loss: 4.148711
2026-04-19 13:10:15,279 Epoch: [0/1] Iter:[10/35], Time: 0.34, lr: [0.0014774567058991146], Loss: 4.483563, Acc:0.759757, Semantic loss: 2.409459, BCE loss: 0.675327, SB loss: 1.398777
2026-04-19 13:10:18,443 Epoch: [0/1] Iter:[20/35], Time: 0.33, lr: [0.0009329339313344317], Loss: 3.516624, Acc:0.852824, Semantic loss: 1.787196, BCE loss: 0.567822, SB loss: 1.161607
2026-04-19 13:10:21,598 Epoch: [0/1] Iter:[30/35], Time: 0.33, lr: [0.00034708972686830494], Loss: 3.636364, Acc:0.876648, Semantic loss: 1.943983, BCE loss: 0.598571, SB loss: 1.093810
2026-04-19 13:10:23,647 0 [0.93726912 0.         0.         0.88897707 0.57387217 0.        ] 0.4000197264607923
2026-04-19 13:10:23,648 1 [0.95431609 0.         0.08171181 0.95320489 0.70083812 0.02704996] 0.4528534778015554
2026-04-19 13:10:23,649 => saving checkpoint to output/robotics_semantic/pidnet_small_robotics_semanticcheckpoint.pth.tar
2026-04-19 13:10:23,837 Loss: 2.708, MeanIU:  0.4529, Best_mIoU:  0.4529
2026-04-19 13:10:23,837 [0.95431609 0.         0.08171181 0.95320489 0.70083812 0.02704996]
2026-04-19 13:10:23,913 Hours: 0
2026-04-19 13:10:23,914 Done
2026-04-19 13:10:44,517 Namespace(cfg='configs/robotics_semantic/pidnet_small_robotics_semantic.yaml', seed=304, opts=['TRAIN.END_EPOCH', '20', 'PRINT_FREQ', '20'])
2026-04-19 13:10:44,518 AUTO_RESUME: False
CUDNN:
  BENCHMARK: False
  DETERMINISTIC: True
  ENABLED: True
DATASET:
  DATASET: robotics_semantic
  EXTRA_TRAIN_SET: 
  NUM_CLASSES: 6
  ROOT: data/
  TEST_SET: list/robotics_semantic/val.lst
  TRAIN_SET: list/robotics_semantic/train.lst
GPUS: ()
LOG_DIR: log
LOSS:
  BALANCE_WEIGHTS: [0.4, 1.0]
  CLASS_BALANCE: False
  OHEMKEEP: 65536
  OHEMTHRES: 0.9
  SB_WEIGHTS: 1.0
  USE_OHEM: True
MODEL:
  ALIGN_CORNERS: True
  NAME: pidnet_small
  NUM_OUTPUTS: 2
  PRETRAINED: pretrained_models/cityscapes/PIDNet_S_Cityscapes_test.pt
OUTPUT_DIR: output
PIN_MEMORY: True
PRINT_FREQ: 20
TEST:
  BASE_SIZE: 432
  BATCH_SIZE_PER_GPU: 1
  FLIP_TEST: False
  IMAGE_SIZE: [432, 432]
  MODEL_FILE: 
  MULTI_SCALE: False
  OUTPUT_INDEX: 1
TRAIN:
  BASE_SIZE: 432
  BATCH_SIZE_PER_GPU: 2
  BEGIN_EPOCH: 0
  END_EPOCH: 20
  EXTRA_EPOCH: 0
  EXTRA_LR: 0.001
  FLIP: True
  IGNORE_LABEL: 255
  IMAGE_SIZE: [432, 432]
  LR: 0.002
  MOMENTUM: 0.9
  MULTI_SCALE: False
  NESTEROV: False
  OPTIMIZER: sgd
  RESUME: False
  SCALE_FACTOR: 8
  SHUFFLE: True
  WD: 0.0005
WORKERS: 0
2026-04-19 13:10:44,719 Attention!!!
2026-04-19 13:10:44,720 Loaded 475 parameters!
2026-04-19 13:10:44,720 Over!!!
2026-04-19 13:10:45,831 Epoch: [0/20] Iter:[0/35], Time: 0.41, lr: [0.002], Loss: 11.902498, Acc:0.161665, Semantic loss: 6.519549, BCE loss: 0.874134, SB loss: 4.508815
2026-04-19 13:10:52,503 Epoch: [0/20] Iter:[20/35], Time: 0.34, lr: [0.0019484971777505911], Loss: 3.884911, Acc:0.849951, Semantic loss: 2.016479, BCE loss: 0.566584, SB loss: 1.301849
2026-04-19 13:10:58,078 0 [0.93319173 0.         0.00211706 0.84539441 0.36003124 0.        ] 0.3567890739321178
2026-04-19 13:10:58,078 1 [0.6882557  0.00211787 0.00452365 0.57716097 0.26644088 0.        ] 0.2564165096760588
2026-04-19 13:10:58,079 => saving checkpoint to output/robotics_semantic/pidnet_small_robotics_semanticcheckpoint.pth.tar
2026-04-19 13:10:58,239 Loss: 23.217, MeanIU:  0.2564, Best_mIoU:  0.2564
2026-04-19 13:10:58,240 [0.6882557  0.00211787 0.00452365 0.57716097 0.26644088 0.        ]
2026-04-19 13:10:58,572 Epoch: [1/20] Iter:[0/35], Time: 0.33, lr: [0.0019097707632429995], Loss: 1.910573, Acc:0.949396, Semantic loss: 0.703707, BCE loss: 0.447616, SB loss: 0.759250
2026-04-19 13:11:05,180 Epoch: [1/20] Iter:[20/35], Time: 0.33, lr: [0.001857999115119219], Loss: 2.239121, Acc:0.958469, Semantic loss: 0.982595, BCE loss: 0.552367, SB loss: 0.704159
2026-04-19 13:11:10,702 0 [0.95273341 0.14144985 0.03163647 0.92731373 0.62722507 0.        ] 0.446726421497692
2026-04-19 13:11:10,704 1 [0.90368286 0.         0.         0.70122857 0.14630164 0.        ] 0.2918688452127561
2026-04-19 13:11:10,704 => saving checkpoint to output/robotics_semantic/pidnet_small_robotics_semanticcheckpoint.pth.tar
2026-04-19 13:11:10,816 Loss: 8.928, MeanIU:  0.2919, Best_mIoU:  0.2919
2026-04-19 13:11:10,817 [0.90368286 0.         0.         0.70122857 0.14630164 0.        ]
2026-04-19 13:11:11,141 Epoch: [2/20] Iter:[0/35], Time: 0.32, lr: [0.0018190651521659245], Loss: 1.883751, Acc:0.963142, Semantic loss: 0.672363, BCE loss: 0.629976, SB loss: 0.581412
2026-04-19 13:11:17,930 Epoch: [2/20] Iter:[20/35], Time: 0.34, lr: [0.0017670083882055873], Loss: 1.758616, Acc:0.963325, Semantic loss: 0.682706, BCE loss: 0.436383, SB loss: 0.639527
2026-04-19 13:11:23,202 0 [0.95919677 0.38271964 0.05057614 0.93618522 0.67996486 0.        ] 0.5014404389276562
2026-04-19 13:11:23,202 1 [0.96597578 0.48874395 0.01444724 0.95922376 0.73357114 0.        ] 0.5269936439020372
2026-04-19 13:11:23,203 => saving checkpoint to output/robotics_semantic/pidnet_small_robotics_semanticcheckpoint.pth.tar
2026-04-19 13:11:23,312 Loss: 2.328, MeanIU:  0.5270, Best_mIoU:  0.5270
2026-04-19 13:11:23,313 [0.96597578 0.48874395 0.01444724 0.95922376 0.73357114 0.        ]
2026-04-19 13:11:23,631 Epoch: [3/20] Iter:[0/35], Time: 0.32, lr: [0.0017278539446056382], Loss: 1.650594, Acc:0.963258, Semantic loss: 0.611201, BCE loss: 0.323524, SB loss: 0.715869
2026-04-19 13:11:30,075 Epoch: [3/20] Iter:[20/35], Time: 0.32, lr: [0.0016754937797902926], Loss: 1.625864, Acc:0.963499, Semantic loss: 0.683415, BCE loss: 0.293701, SB loss: 0.648748
2026-04-19 13:11:35,279 0 [0.95940995 0.36085293 0.05021123 0.94765013 0.66930667 0.11848496] 0.5176526439087995
2026-04-19 13:11:35,279 1 [0.96771893 0.57754257 0.05569427 0.96208045 0.73747208 0.07808523] 0.5630989225636468
2026-04-19 13:11:35,280 => saving checkpoint to output/robotics_semantic/pidnet_small_robotics_semanticcheckpoint.pth.tar
2026-04-19 13:11:35,390 Loss: 1.911, MeanIU:  0.5631, Best_mIoU:  0.5631
2026-04-19 13:11:35,390 [0.96771893 0.57754257 0.05569427 0.96208045 0.73747208 0.07808523]
2026-04-19 13:11:35,711 Epoch: [4/20] Iter:[0/35], Time: 0.32, lr: [0.001636104292101717], Loss: 1.949393, Acc:0.962170, Semantic loss: 0.748451, BCE loss: 0.375581, SB loss: 0.825361
2026-04-19 13:11:42,245 Epoch: [4/20] Iter:[20/35], Time: 0.33, lr: [0.0015834200631797738], Loss: 1.660372, Acc:0.964871, Semantic loss: 0.716663, BCE loss: 0.323382, SB loss: 0.620327
2026-04-19 13:11:47,414 0 [0.96224323 0.31604722 0.04634011 0.93858557 0.62674211 0.29689898] 0.5311428696848943
2026-04-19 13:11:47,420 1 [0.96916528 0.53056695 0.07071617 0.96286281 0.74344882 0.14158051] 0.5697234222150859
2026-04-19 13:11:47,421 => saving checkpoint to output/robotics_semantic/pidnet_small_robotics_semanticcheckpoint.pth.tar
2026-04-19 13:11:47,659 Loss: 1.950, MeanIU:  0.5697, Best_mIoU:  0.5697
2026-04-19 13:11:47,659 [0.96916528 0.53056695 0.07071617 0.96286281 0.74344882 0.14158051]
2026-04-19 13:11:47,981 Epoch: [5/20] Iter:[0/35], Time: 0.32, lr: [0.001543779013447141], Loss: 1.343422, Acc:0.977331, Semantic loss: 0.461724, BCE loss: 0.337825, SB loss: 0.543873
2026-04-19 13:11:54,420 Epoch: [5/20] Iter:[20/35], Time: 0.32, lr: [0.0014907471919478692], Loss: 1.487034, Acc:0.969747, Semantic loss: 0.668697, BCE loss: 0.270331, SB loss: 0.548006
2026-04-19 13:11:59,761 0 [0.95960051 0.54050392 0.07009537 0.94877818 0.66312527 0.2110009 ] 0.5655173588106227
2026-04-19 13:11:59,762 1 [0.95469039 0.38298733 0.08796106 0.96719441 0.74221869 0.19327051] 0.554720397873736
2026-04-19 13:11:59,762 => saving checkpoint to output/robotics_semantic/pidnet_small_robotics_semanticcheckpoint.pth.tar
2026-04-19 13:11:59,842 Loss: 1.996, MeanIU:  0.5547, Best_mIoU:  0.5697
2026-04-19 13:11:59,842 [0.95469039 0.38298733 0.08796106 0.96719441 0.74221869 0.19327051]
2026-04-19 13:12:00,165 Epoch: [6/20] Iter:[0/35], Time: 0.32, lr: [0.0014508356938744398], Loss: 1.410548, Acc:0.976469, Semantic loss: 0.500289, BCE loss: 0.293614, SB loss: 0.616645
2026-04-19 13:12:06,665 Epoch: [6/20] Iter:[20/35], Time: 0.32, lr: [0.0013974292578354851], Loss: 1.266688, Acc:0.976894, Semantic loss: 0.458833, BCE loss: 0.244527, SB loss: 0.563328
2026-04-19 13:12:11,886 0 [0.9550144  0.56549859 0.04217244 0.96426409 0.65674553 0.26805188] 0.5752911557889154
2026-04-19 13:12:11,886 1 [0.95436399 0.4065834  0.0516183  0.96830082 0.72685933 0.20136474] 0.5515150990522335
2026-04-19 13:12:11,886 => saving checkpoint to output/robotics_semantic/pidnet_small_robotics_semanticcheckpoint.pth.tar
2026-04-19 13:12:11,957 Loss: 2.020, MeanIU:  0.5515, Best_mIoU:  0.5697
2026-04-19 13:12:11,958 [0.95436399 0.4065834  0.0516183  0.96830082 0.72685933 0.20136474]
2026-04-19 13:12:12,297 Epoch: [7/20] Iter:[0/35], Time: 0.34, lr: [0.00135722551851625], Loss: 1.131159, Acc:0.970842, Semantic loss: 0.447045, BCE loss: 0.187725, SB loss: 0.496389
2026-04-19 13:12:18,803 Epoch: [7/20] Iter:[20/35], Time: 0.33, lr: [0.0013034131280211208], Loss: 1.209483, Acc:0.977513, Semantic loss: 0.442611, BCE loss: 0.231622, SB loss: 0.535250
2026-04-19 13:12:24,053 0 [0.96321246 0.55928909 0.05699876 0.96923706 0.69486554 0.38909648] 0.6054498958842681
2026-04-19 13:12:24,054 1 [0.96925285 0.5994031  0.08433402 0.97590433 0.74577685 0.32090513] 0.6159293805512837
2026-04-19 13:12:24,054 => saving checkpoint to output/robotics_semantic/pidnet_small_robotics_semanticcheckpoint.pth.tar
2026-04-19 13:12:24,180 Loss: 1.740, MeanIU:  0.6159, Best_mIoU:  0.6159
2026-04-19 13:12:24,180 [0.96925285 0.5994031  0.08433402 0.97590433 0.74577685 0.32090513]
2026-04-19 13:12:24,516 Epoch: [8/20] Iter:[0/35], Time: 0.33, lr: [0.0012628917349787106], Loss: 0.809101, Acc:0.988782, Semantic loss: 0.270800, BCE loss: 0.180363, SB loss: 0.357938
2026-04-19 13:12:30,884 Epoch: [8/20] Iter:[20/35], Time: 0.32, lr: [0.0012086366289580026], Loss: 1.333285, Acc:0.970070, Semantic loss: 0.529505, BCE loss: 0.224476, SB loss: 0.579304
2026-04-19 13:12:36,072 0 [0.96261473 0.54052291 0.05348562 0.97432961 0.70922671 0.37713003] 0.6028849350862124
2026-04-19 13:12:36,073 1 [0.96220472 0.5114426  0.09876291 0.97645006 0.73282528 0.31488733] 0.5994288175123447
2026-04-19 13:12:36,073 => saving checkpoint to output/robotics_semantic/pidnet_small_robotics_semanticcheckpoint.pth.tar
2026-04-19 13:12:36,210 Loss: 1.819, MeanIU:  0.5994, Best_mIoU:  0.6159
2026-04-19 13:12:36,210 [0.96220472 0.5114426  0.09876291 0.97645006 0.73282528 0.31488733]
2026-04-19 13:12:36,534 Epoch: [9/20] Iter:[0/35], Time: 0.32, lr: [0.0011677675858399606], Loss: 0.678890, Acc:0.991258, Semantic loss: 0.173737, BCE loss: 0.158764, SB loss: 0.346389
2026-04-19 13:12:42,988 Epoch: [9/20] Iter:[20/35], Time: 0.32, lr: [0.0011130260722766292], Loss: 1.349556, Acc:0.968905, Semantic loss: 0.608085, BCE loss: 0.216960, SB loss: 0.524510
2026-04-19 13:12:48,208 0 [0.96409294 0.57798561 0.06013054 0.97058659 0.7013002  0.36399416] 0.6063483378963691
2026-04-19 13:12:48,208 1 [0.96838049 0.5545966  0.08149688 0.97724242 0.75191796 0.31740592] 0.6085067119725144
2026-04-19 13:12:48,209 => saving checkpoint to output/robotics_semantic/pidnet_small_robotics_semanticcheckpoint.pth.tar
2026-04-19 13:12:48,280 Loss: 1.705, MeanIU:  0.6085, Best_mIoU:  0.6159
2026-04-19 13:12:48,280 [0.96838049 0.5545966  0.08149688 0.97724242 0.75191796 0.31740592]
2026-04-19 13:12:48,606 Epoch: [10/20] Iter:[0/35], Time: 0.32, lr: [0.0010717734625362932], Loss: 0.790000, Acc:0.988477, Semantic loss: 0.228366, BCE loss: 0.141636, SB loss: 0.419998
2026-04-19 13:12:55,007 Epoch: [10/20] Iter:[20/35], Time: 0.32, lr: [0.0010164927970547704], Loss: 1.176184, Acc:0.977319, Semantic loss: 0.417901, BCE loss: 0.225006, SB loss: 0.533277
2026-04-19 13:13:00,265 0 [0.96750387 0.55577885 0.08463389 0.96903482 0.71376117 0.37988915] 0.6117669602516815
2026-04-19 13:13:00,266 1 [0.97198977 0.61115137 0.09232565 0.97631085 0.75956749 0.33659384] 0.6246564950152019
2026-04-19 13:13:00,267 => saving checkpoint to output/robotics_semantic/pidnet_small_robotics_semanticcheckpoint.pth.tar
2026-04-19 13:13:00,393 Loss: 1.657, MeanIU:  0.6247, Best_mIoU:  0.6247
2026-04-19 13:13:00,393 [0.97198977 0.61115137 0.09232565 0.97631085 0.75956749 0.33659384]
2026-04-19 13:13:00,715 Epoch: [11/20] Iter:[0/35], Time: 0.32, lr: [0.0009748128783579909], Loss: 0.746872, Acc:0.989744, Semantic loss: 0.198977, BCE loss: 0.145419, SB loss: 0.402476
2026-04-19 13:13:07,161 Epoch: [11/20] Iter:[20/35], Time: 0.32, lr: [0.0009189281887943935], Loss: 1.279262, Acc:0.969165, Semantic loss: 0.524504, BCE loss: 0.211922, SB loss: 0.542836
2026-04-19 13:13:12,360 0 [0.96574894 0.56784011 0.01166283 0.96714096 0.69721237 0.32117821] 0.5884639017896255
2026-04-19 13:13:12,362 1 [0.9661612  0.57325954 0.08980265 0.9699301  0.73880147 0.21836774] 0.5927204504011808
2026-04-19 13:13:12,363 => saving checkpoint to output/robotics_semantic/pidnet_small_robotics_semanticcheckpoint.pth.tar
2026-04-19 13:13:12,432 Loss: 1.856, MeanIU:  0.5927, Best_mIoU:  0.6247
2026-04-19 13:13:12,433 [0.9661612  0.57325954 0.08980265 0.9699301  0.73880147 0.21836774]
2026-04-19 13:13:12,769 Epoch: [12/20] Iter:[0/35], Time: 0.34, lr: [0.0008767665811081739], Loss: 2.196121, Acc:0.953238, Semantic loss: 0.851475, BCE loss: 0.565064, SB loss: 0.779583
2026-04-19 13:13:19,185 Epoch: [12/20] Iter:[20/35], Time: 0.32, lr: [0.0008201962377176287], Loss: 1.192073, Acc:0.973743, Semantic loss: 0.489976, BCE loss: 0.214835, SB loss: 0.487263
2026-04-19 13:13:24,315 0 [0.96712014 0.58465584 0.0895849  0.9671866  0.70087656 0.33196972] 0.6068989613031588
2026-04-19 13:13:24,315 1 [0.96654281 0.63263234 0.0952218  0.9711887  0.72443912 0.20114419] 0.5985281603301721
2026-04-19 13:13:24,316 => saving checkpoint to output/robotics_semantic/pidnet_small_robotics_semanticcheckpoint.pth.tar
2026-04-19 13:13:24,391 Loss: 1.829, MeanIU:  0.5985, Best_mIoU:  0.6247
2026-04-19 13:13:24,391 [0.96654281 0.63263234 0.0952218  0.9711887  0.72443912 0.20114419]
2026-04-19 13:13:24,715 Epoch: [13/20] Iter:[0/35], Time: 0.32, lr: [0.000777483597597527], Loss: 0.802842, Acc:0.986092, Semantic loss: 0.244036, BCE loss: 0.155728, SB loss: 0.403078
2026-04-19 13:13:31,088 Epoch: [13/20] Iter:[20/35], Time: 0.32, lr: [0.0007201219120634157], Loss: 1.033337, Acc:0.981575, Semantic loss: 0.348446, BCE loss: 0.190602, SB loss: 0.494289
2026-04-19 13:13:36,315 0 [0.967703   0.59625122 0.05417623 0.97778502 0.73272479 0.38654602] 0.6191977149190527
2026-04-19 13:13:36,316 1 [0.96766064 0.59152924 0.08404233 0.98077733 0.73872986 0.36425704] 0.6211660733113779
2026-04-19 13:13:36,316 => saving checkpoint to output/robotics_semantic/pidnet_small_robotics_semanticcheckpoint.pth.tar
2026-04-19 13:13:36,390 Loss: 1.676, MeanIU:  0.6212, Best_mIoU:  0.6247
2026-04-19 13:13:36,392 [0.96766064 0.59152924 0.08404233 0.98077733 0.73872986 0.36425704]
2026-04-19 13:13:36,713 Epoch: [14/20] Iter:[0/35], Time: 0.32, lr: [0.0006767669238032998], Loss: 0.714736, Acc:0.990350, Semantic loss: 0.194793, BCE loss: 0.140704, SB loss: 0.379238
2026-04-19 13:13:43,234 Epoch: [14/20] Iter:[20/35], Time: 0.33, lr: [0.0006184719399811046], Loss: 1.043998, Acc:0.980476, Semantic loss: 0.357608, BCE loss: 0.200283, SB loss: 0.486107
2026-04-19 13:13:48,479 0 [0.96829899 0.59650951 0.07266053 0.97506778 0.72621073 0.36051267] 0.6165433675312254
2026-04-19 13:13:48,479 1 [0.97071539 0.61791606 0.08254848 0.97759333 0.75079355 0.33452255] 0.6223482257379437
2026-04-19 13:13:48,480 => saving checkpoint to output/robotics_semantic/pidnet_small_robotics_semanticcheckpoint.pth.tar
2026-04-19 13:13:48,553 Loss: 1.626, MeanIU:  0.6223, Best_mIoU:  0.6247
2026-04-19 13:13:48,553 [0.97071539 0.61791606 0.08254848 0.97759333 0.75079355 0.33452255]
2026-04-19 13:13:48,887 Epoch: [15/20] Iter:[0/35], Time: 0.33, lr: [0.0005743491774985174], Loss: 0.943042, Acc:0.984289, Semantic loss: 0.280304, BCE loss: 0.184898, SB loss: 0.477840
2026-04-19 13:13:55,267 Epoch: [15/20] Iter:[20/35], Time: 0.32, lr: [0.0005149206253392615], Loss: 1.008517, Acc:0.981814, Semantic loss: 0.343408, BCE loss: 0.198377, SB loss: 0.466731
2026-04-19 13:14:00,461 0 [0.96537159 0.59238844 0.06691166 0.97684014 0.72014127 0.37471856] 0.616061944884415
2026-04-19 13:14:00,461 1 [0.96639258 0.56015738 0.07886151 0.97860058 0.74006962 0.34669403] 0.6117959486629468
2026-04-19 13:14:00,462 => saving checkpoint to output/robotics_semantic/pidnet_small_robotics_semanticcheckpoint.pth.tar
2026-04-19 13:14:00,534 Loss: 1.725, MeanIU:  0.6118, Best_mIoU:  0.6247
2026-04-19 13:14:00,535 [0.96639258 0.56015738 0.07886151 0.97860058 0.74006962 0.34669403]
2026-04-19 13:14:00,853 Epoch: [16/20] Iter:[0/35], Time: 0.32, lr: [0.0004698475772352075], Loss: 0.720841, Acc:0.988986, Semantic loss: 0.196462, BCE loss: 0.132498, SB loss: 0.391881
2026-04-19 13:14:07,251 Epoch: [16/20] Iter:[20/35], Time: 0.32, lr: [0.0004089826466879486], Loss: 1.027999, Acc:0.981849, Semantic loss: 0.352452, BCE loss: 0.205016, SB loss: 0.470531
2026-04-19 13:14:12,457 0 [0.96492473 0.59200781 0.06200583 0.97742843 0.71969177 0.39016887] 0.6177045743143922
2026-04-19 13:14:12,458 1 [0.96646137 0.58483276 0.09012167 0.9782203  0.73907092 0.35770852] 0.619402590758983
2026-04-19 13:14:12,458 => saving checkpoint to output/robotics_semantic/pidnet_small_robotics_semanticcheckpoint.pth.tar
2026-04-19 13:14:12,547 Loss: 1.735, MeanIU:  0.6194, Best_mIoU:  0.6247
2026-04-19 13:14:12,548 [0.96646137 0.58483276 0.09012167 0.9782203  0.73907092 0.35770852]
2026-04-19 13:14:12,883 Epoch: [17/20] Iter:[0/35], Time: 0.33, lr: [0.0003626704146273491], Loss: 2.079519, Acc:0.950550, Semantic loss: 0.982585, BCE loss: 0.211753, SB loss: 0.885181
2026-04-19 13:14:19,303 Epoch: [17/20] Iter:[20/35], Time: 0.32, lr: [0.0002998601768507471], Loss: 1.136240, Acc:0.973637, Semantic loss: 0.458153, BCE loss: 0.195646, SB loss: 0.482441
2026-04-19 13:14:24,520 0 [0.96286017 0.57085222 0.07106283 0.97722492 0.71323235 0.39698812] 0.6153701032982305
2026-04-19 13:14:24,520 1 [0.96618794 0.571925   0.08730817 0.97804932 0.74308784 0.37329891] 0.6199761967685883
2026-04-19 13:14:24,520 => saving checkpoint to output/robotics_semantic/pidnet_small_robotics_semanticcheckpoint.pth.tar
2026-04-19 13:14:24,592 Loss: 1.710, MeanIU:  0.6200, Best_mIoU:  0.6247
2026-04-19 13:14:24,592 [0.96618794 0.571925   0.08730817 0.97804932 0.74308784 0.37329891]
2026-04-19 13:14:24,927 Epoch: [18/20] Iter:[0/35], Time: 0.33, lr: [0.00025178508235883343], Loss: 0.791021, Acc:0.989715, Semantic loss: 0.227834, BCE loss: 0.147099, SB loss: 0.416088
2026-04-19 13:14:31,325 Epoch: [18/20] Iter:[20/35], Time: 0.32, lr: [0.0001860007791882096], Loss: 0.963054, Acc:0.977280, Semantic loss: 0.374427, BCE loss: 0.164596, SB loss: 0.424031
2026-04-19 13:14:36,547 0 [0.96394963 0.58348894 0.07029792 0.97741416 0.71703606 0.38487179] 0.6161764151603901
2026-04-19 13:14:36,548 1 [0.96516899 0.57236204 0.09035106 0.97767879 0.73556389 0.35367496] 0.6157999560373719
2026-04-19 13:14:36,548 => saving checkpoint to output/robotics_semantic/pidnet_small_robotics_semanticcheckpoint.pth.tar
2026-04-19 13:14:36,619 Loss: 1.774, MeanIU:  0.6158, Best_mIoU:  0.6247
2026-04-19 13:14:36,619 [0.96516899 0.57236204 0.09035106 0.97767879 0.73556389 0.35367496]
2026-04-19 13:14:36,942 Epoch: [19/20] Iter:[0/35], Time: 0.32, lr: [0.00013492828476735643], Loss: 0.686857, Acc:0.990939, Semantic loss: 0.199174, BCE loss: 0.121302, SB loss: 0.366380
2026-04-19 13:14:43,355 Epoch: [19/20] Iter:[20/35], Time: 0.32, lr: [6.293958757811082e-05], Loss: 0.989596, Acc:0.977227, Semantic loss: 0.384860, BCE loss: 0.172632, SB loss: 0.432103
2026-04-19 13:14:48,590 0 [0.96349562 0.59195026 0.07450926 0.97580444 0.70725905 0.39046858] 0.6172478674122764
2026-04-19 13:14:48,591 1 [0.96671564 0.59691414 0.09061466 0.97822933 0.73831267 0.36037217] 0.6218597689988795
2026-04-19 13:14:48,592 => saving checkpoint to output/robotics_semantic/pidnet_small_robotics_semanticcheckpoint.pth.tar
2026-04-19 13:14:48,695 Loss: 1.756, MeanIU:  0.6219, Best_mIoU:  0.6247
2026-04-19 13:14:48,695 [0.96671564 0.59691414 0.09061466 0.97822933 0.73831267 0.36037217]
2026-04-19 13:14:48,750 Hours: 0
2026-04-19 13:14:48,750 Done
