2026-04-19 18:21:58,655 Namespace(cfg='configs/robotics_semantic/pidnet_small_robotics_semantic_refined.yaml', seed=304, opts=[])
2026-04-19 18:21:58,655 AUTO_RESUME: False
CUDNN:
  BENCHMARK: False
  DETERMINISTIC: True
  ENABLED: True
DATASET:
  DATASET: robotics_semantic
  EXTRA_TRAIN_SET: 
  NUM_CLASSES: 6
  ROOT: data/
  TEST_SET: list/robotics_semantic/val.lst
  TRAIN_SET: list/robotics_semantic/train.lst
GPUS: ()
LOG_DIR: log
LOSS:
  BALANCE_WEIGHTS: [0.4, 1.0]
  CLASS_BALANCE: False
  OHEMKEEP: 32768
  OHEMTHRES: 0.9
  SB_WEIGHTS: 1.0
  USE_OHEM: True
MODEL:
  ALIGN_CORNERS: True
  NAME: pidnet_small
  NUM_OUTPUTS: 2
  PRETRAINED: output/robotics_semantic/pidnet_small_robotics_semantic/best.pt
OUTPUT_DIR: output
PIN_MEMORY: True
PRINT_FREQ: 10
TEST:
  BASE_SIZE: 432
  BATCH_SIZE_PER_GPU: 1
  FLIP_TEST: False
  IMAGE_SIZE: [432, 432]
  MODEL_FILE: 
  MULTI_SCALE: False
  OUTPUT_INDEX: 1
TRAIN:
  BASE_SIZE: 432
  BATCH_SIZE_PER_GPU: 2
  BEGIN_EPOCH: 0
  END_EPOCH: 30
  EXTRA_EPOCH: 0
  EXTRA_LR: 0.001
  FLIP: True
  IGNORE_LABEL: 255
  IMAGE_SIZE: [432, 432]
  LR: 0.001
  MOMENTUM: 0.9
  MULTI_SCALE: True
  NESTEROV: False
  OPTIMIZER: sgd
  RESUME: False
  SCALE_FACTOR: 8
  SHUFFLE: True
  WD: 0.0005
WORKERS: 0
2026-04-19 18:21:58,867 Attention!!!
2026-04-19 18:21:58,867 Loaded 479 parameters!
2026-04-19 18:21:58,868 Over!!!
2026-04-19 18:22:00,120 Epoch: [0/30] Iter:[0/35], Time: 0.45, lr: [0.001], Loss: 0.346502, Acc:0.729898, Semantic loss: 0.100673, BCE loss: 0.120243, SB loss: 0.125586
2026-04-19 18:22:03,165 Epoch: [0/30] Iter:[10/35], Time: 0.32, lr: [0.000991424475470908], Loss: 0.622639, Acc:0.686743, Semantic loss: 0.292563, BCE loss: 0.181725, SB loss: 0.148350
2026-04-19 18:22:06,146 Epoch: [0/30] Iter:[20/35], Time: 0.31, lr: [0.0009828407011460581], Loss: 0.572076, Acc:0.652245, Semantic loss: 0.233191, BCE loss: 0.192082, SB loss: 0.146804
2026-04-19 18:22:09,075 Epoch: [0/30] Iter:[30/35], Time: 0.30, lr: [0.0009742485888752956], Loss: 0.678032, Acc:0.669637, Semantic loss: 0.266740, BCE loss: 0.228726, SB loss: 0.182567
2026-04-19 18:22:10,939 0 [0.94506704 0.31415998 0.09361026 0.96562985 0.69336605 0.39366516] 0.567583057080527
2026-04-19 18:22:10,939 1 [0.93325173 0.23687987 0.09468685 0.97981784 0.73408857 0.41838039] 0.5661842087777104
2026-04-19 18:22:10,940 => saving checkpoint to output/robotics_semantic/pidnet_small_robotics_semantic_refinedcheckpoint.pth.tar
2026-04-19 18:22:11,126 Loss: 2.158, MeanIU:  0.5662, Best_mIoU:  0.5662
2026-04-19 18:22:11,127 [0.93325173 0.23687987 0.09468685 0.97981784 0.73408857 0.41838039]
2026-04-19 18:22:11,415 Epoch: [1/30] Iter:[0/35], Time: 0.29, lr: [0.0009699493779682662], Loss: 0.393389, Acc:0.479911, Semantic loss: 0.146950, BCE loss: 0.125313, SB loss: 0.121126
2026-04-19 18:22:14,373 Epoch: [1/30] Iter:[10/35], Time: 0.30, lr: [0.0009613445895097748], Loss: 0.560989, Acc:0.668749, Semantic loss: 0.182344, BCE loss: 0.247369, SB loss: 0.131275
2026-04-19 18:22:17,309 Epoch: [1/30] Iter:[20/35], Time: 0.29, lr: [0.0009527312346631124], Loss: 0.587403, Acc:0.692655, Semantic loss: 0.221521, BCE loss: 0.212621, SB loss: 0.153261
2026-04-19 18:22:20,219 Epoch: [1/30] Iter:[30/35], Time: 0.29, lr: [0.0009441092186737083], Loss: 0.528818, Acc:0.670885, Semantic loss: 0.189193, BCE loss: 0.199702, SB loss: 0.139923
2026-04-19 18:22:22,064 0 [0.9593438  0.46199364 0.08964155 0.97222637 0.69697532 0.40973115] 0.5983186400967476
2026-04-19 18:22:22,065 1 [0.95776603 0.40257887 0.10082908 0.98081568 0.74275862 0.44003427] 0.6041304244770106
2026-04-19 18:22:22,065 => saving checkpoint to output/robotics_semantic/pidnet_small_robotics_semantic_refinedcheckpoint.pth.tar
2026-04-19 18:22:22,219 Loss: 2.123, MeanIU:  0.6041, Best_mIoU:  0.6041
2026-04-19 18:22:22,219 [0.95776603 0.40257887 0.10082908 0.98081568 0.74275862 0.44003427]
2026-04-19 18:22:22,515 Epoch: [2/30] Iter:[0/35], Time: 0.29, lr: [0.0009397949325887223], Loss: 0.482850, Acc:0.801336, Semantic loss: 0.095990, BCE loss: 0.302549, SB loss: 0.084310
2026-04-19 18:22:25,383 Epoch: [2/30] Iter:[10/35], Time: 0.29, lr: [0.0009311597427813362], Loss: 0.455096, Acc:0.680798, Semantic loss: 0.139452, BCE loss: 0.190091, SB loss: 0.125553
2026-04-19 18:22:28,225 Epoch: [2/30] Iter:[20/35], Time: 0.29, lr: [0.0009225156459602936], Loss: 0.412446, Acc:0.657539, Semantic loss: 0.120420, BCE loss: 0.180687, SB loss: 0.111338
2026-04-19 18:22:31,065 Epoch: [2/30] Iter:[30/35], Time: 0.29, lr: [0.0009138625400092124], Loss: 0.529316, Acc:0.644844, Semantic loss: 0.204886, BCE loss: 0.165021, SB loss: 0.159410
2026-04-19 18:22:32,869 0 [0.95538135 0.39513633 0.0875199  0.97768054 0.72161025 0.41904848] 0.5927294766124991
2026-04-19 18:22:32,870 1 [0.93877479 0.26120114 0.06129068 0.98174838 0.69274372 0.4398974 ] 0.5626093529869414
2026-04-19 18:22:32,870 => saving checkpoint to output/robotics_semantic/pidnet_small_robotics_semantic_refinedcheckpoint.pth.tar
2026-04-19 18:22:32,987 Loss: 1.940, MeanIU:  0.5626, Best_mIoU:  0.6041
2026-04-19 18:22:32,987 [0.93877479 0.26120114 0.06129068 0.98174838 0.69274372 0.4398974 ]
2026-04-19 18:22:33,305 Epoch: [3/30] Iter:[0/35], Time: 0.32, lr: [0.0009095325760829623], Loss: 0.747398, Acc:0.794022, Semantic loss: 0.306315, BCE loss: 0.235879, SB loss: 0.205204
2026-04-19 18:22:36,205 Epoch: [3/30] Iter:[10/35], Time: 0.29, lr: [0.0009008657600075837], Loss: 0.497067, Acc:0.748685, Semantic loss: 0.183444, BCE loss: 0.181836, SB loss: 0.131787
2026-04-19 18:22:39,065 Epoch: [3/30] Iter:[20/35], Time: 0.29, lr: [0.0008921896694658171], Loss: 0.424466, Acc:0.750439, Semantic loss: 0.147181, BCE loss: 0.165599, SB loss: 0.111686
2026-04-19 18:22:41,918 Epoch: [3/30] Iter:[30/35], Time: 0.29, lr: [0.0008835041941027936], Loss: 0.559727, Acc:0.714653, Semantic loss: 0.223593, BCE loss: 0.177413, SB loss: 0.158721
2026-04-19 18:22:43,725 0 [0.95759818 0.42788384 0.07552368 0.96756581 0.71316749 0.38481452] 0.587758918902394
2026-04-19 18:22:43,726 1 [0.94415272 0.28681607 0.08614719 0.97717195 0.73841104 0.40793551] 0.5734390796927523
2026-04-19 18:22:43,726 => saving checkpoint to output/robotics_semantic/pidnet_small_robotics_semantic_refinedcheckpoint.pth.tar
2026-04-19 18:22:43,796 Loss: 1.860, MeanIU:  0.5734, Best_mIoU:  0.6041
2026-04-19 18:22:43,796 [0.94415272 0.28681607 0.08614719 0.97717195 0.73841104 0.40793551]
2026-04-19 18:22:44,086 Epoch: [4/30] Iter:[0/35], Time: 0.29, lr: [0.0008791579019367991], Loss: 0.403959, Acc:0.719412, Semantic loss: 0.108650, BCE loss: 0.170659, SB loss: 0.124651
2026-04-19 18:22:46,959 Epoch: [4/30] Iter:[10/35], Time: 0.29, lr: [0.0008704581368591593], Loss: 0.420669, Acc:0.751867, Semantic loss: 0.132822, BCE loss: 0.174973, SB loss: 0.112874
2026-04-19 18:22:49,961 Epoch: [4/30] Iter:[20/35], Time: 0.29, lr: [0.0008617486997945777], Loss: 0.427205, Acc:0.775521, Semantic loss: 0.122692, BCE loss: 0.195279, SB loss: 0.109235
2026-04-19 18:22:52,856 Epoch: [4/30] Iter:[30/35], Time: 0.29, lr: [0.0008530294711294507], Loss: 0.478800, Acc:0.722009, Semantic loss: 0.170024, BCE loss: 0.178779, SB loss: 0.129997
2026-04-19 18:22:54,693 0 [0.9575883  0.43212676 0.08066738 0.97357156 0.72670042 0.40691512] 0.5962615889793549
2026-04-19 18:22:54,693 1 [0.94921808 0.31804414 0.09527251 0.97907441 0.75129786 0.41890467] 0.5853019440689171
2026-04-19 18:22:54,694 => saving checkpoint to output/robotics_semantic/pidnet_small_robotics_semantic_refinedcheckpoint.pth.tar
2026-04-19 18:22:54,778 Loss: 1.921, MeanIU:  0.5853, Best_mIoU:  0.6041
2026-04-19 18:22:54,778 [0.94921808 0.31804414 0.09527251 0.97907441 0.75129786 0.41890467]
2026-04-19 18:22:55,088 Epoch: [5/30] Iter:[0/35], Time: 0.31, lr: [0.0008486661467891869], Loss: 0.497967, Acc:0.882928, Semantic loss: 0.136565, BCE loss: 0.208011, SB loss: 0.153391
2026-04-19 18:22:57,995 Epoch: [5/30] Iter:[10/35], Time: 0.29, lr: [0.0008399320001720434], Loss: 0.318950, Acc:0.749308, Semantic loss: 0.092549, BCE loss: 0.133413, SB loss: 0.092987
2026-04-19 18:23:00,902 Epoch: [5/30] Iter:[20/35], Time: 0.29, lr: [0.000831187750200298], Loss: 0.398992, Acc:0.715556, Semantic loss: 0.114352, BCE loss: 0.176239, SB loss: 0.108401
2026-04-19 18:23:03,904 Epoch: [5/30] Iter:[30/35], Time: 0.29, lr: [0.000822433266807327], Loss: 0.514241, Acc:0.735654, Semantic loss: 0.178268, BCE loss: 0.194520, SB loss: 0.141454
2026-04-19 18:23:05,753 0 [0.95745595 0.40441547 0.08581645 0.97271249 0.71643111 0.42069127] 0.5929204548314756
2026-04-19 18:23:05,753 1 [0.94428042 0.28347546 0.0950036  0.98151521 0.74470505 0.43450654] 0.5805810459609891
2026-04-19 18:23:05,753 => saving checkpoint to output/robotics_semantic/pidnet_small_robotics_semantic_refinedcheckpoint.pth.tar
2026-04-19 18:23:05,826 Loss: 1.858, MeanIU:  0.5806, Best_mIoU:  0.6041
2026-04-19 18:23:05,827 [0.94428042 0.28347546 0.0950036  0.98151521 0.74470505 0.43450654]
2026-04-19 18:23:06,132 Epoch: [6/30] Iter:[0/35], Time: 0.30, lr: [0.0008180521460508585], Loss: 0.370796, Acc:0.609648, Semantic loss: 0.142510, BCE loss: 0.109428, SB loss: 0.118858
2026-04-19 18:23:09,001 Epoch: [6/30] Iter:[10/35], Time: 0.29, lr: [0.0008092820615428353], Loss: 0.371070, Acc:0.584940, Semantic loss: 0.118737, BCE loss: 0.139479, SB loss: 0.112854
2026-04-19 18:23:11,907 Epoch: [6/30] Iter:[20/35], Time: 0.29, lr: [0.0008005014040313415], Loss: 0.437522, Acc:0.658281, Semantic loss: 0.157368, BCE loss: 0.152352, SB loss: 0.127803
2026-04-19 18:23:14,839 Epoch: [6/30] Iter:[30/35], Time: 0.29, lr: [0.0007917100315898869], Loss: 0.448411, Acc:0.686936, Semantic loss: 0.155007, BCE loss: 0.169622, SB loss: 0.123782
2026-04-19 18:23:16,690 0 [0.95938946 0.41746639 0.0836937  0.97091091 0.70116343 0.42524575] 0.5929782720863862
2026-04-19 18:23:16,690 1 [0.94438441 0.29354101 0.09380521 0.98265951 0.7354622  0.43681509] 0.5811112371950795
2026-04-19 18:23:16,691 => saving checkpoint to output/robotics_semantic/pidnet_small_robotics_semantic_refinedcheckpoint.pth.tar
2026-04-19 18:23:16,762 Loss: 1.886, MeanIU:  0.5811, Best_mIoU:  0.6041
2026-04-19 18:23:16,763 [0.94438441 0.29354101 0.09380521 0.98265951 0.7354622  0.43681509]
2026-04-19 18:23:17,079 Epoch: [7/30] Iter:[0/35], Time: 0.32, lr: [0.0007873102819154206], Loss: 0.496730, Acc:0.933765, Semantic loss: 0.153484, BCE loss: 0.235655, SB loss: 0.107590
2026-04-19 18:23:19,982 Epoch: [7/30] Iter:[10/35], Time: 0.29, lr: [0.0007785025628733727], Loss: 0.347070, Acc:0.736626, Semantic loss: 0.092526, BCE loss: 0.166673, SB loss: 0.087871
2026-04-19 18:23:22,895 Epoch: [7/30] Iter:[20/35], Time: 0.29, lr: [0.0007696837576615017], Loss: 0.412434, Acc:0.751880, Semantic loss: 0.139901, BCE loss: 0.155201, SB loss: 0.117332
2026-04-19 18:23:25,788 Epoch: [7/30] Iter:[30/35], Time: 0.29, lr: [0.0007608537108248537], Loss: 0.399600, Acc:0.730875, Semantic loss: 0.127781, BCE loss: 0.158596, SB loss: 0.113222
2026-04-19 18:23:27,729 0 [0.95898708 0.41135333 0.09238496 0.97513901 0.72390714 0.42447275] 0.5977073771732371
2026-04-19 18:23:27,729 1 [0.94131808 0.28855251 0.09857838 0.98175701 0.72917887 0.43103691] 0.5784036265520853
2026-04-19 18:23:27,730 => saving checkpoint to output/robotics_semantic/pidnet_small_robotics_semantic_refinedcheckpoint.pth.tar
2026-04-19 18:23:27,914 Loss: 1.885, MeanIU:  0.5784, Best_mIoU:  0.6041
2026-04-19 18:23:27,914 [0.94131808 0.28855251 0.09857838 0.98175701 0.72917887 0.43103691]
2026-04-19 18:23:28,219 Epoch: [8/30] Iter:[0/35], Time: 0.30, lr: [0.0007564344220695323], Loss: 0.318915, Acc:0.986993, Semantic loss: 0.076649, BCE loss: 0.168374, SB loss: 0.073893
2026-04-19 18:23:31,149 Epoch: [8/30] Iter:[10/35], Time: 0.29, lr: [0.0007475872120500245], Loss: 0.614375, Acc:0.680244, Semantic loss: 0.286245, BCE loss: 0.160177, SB loss: 0.167954
2026-04-19 18:23:34,172 Epoch: [8/30] Iter:[20/35], Time: 0.30, lr: [0.0007387283529495573], Loss: 0.500777, Acc:0.699121, Semantic loss: 0.203613, BCE loss: 0.155097, SB loss: 0.142067
2026-04-19 18:23:37,114 Epoch: [8/30] Iter:[30/35], Time: 0.30, lr: [0.0007298576737909176], Loss: 0.457442, Acc:0.731489, Semantic loss: 0.168561, BCE loss: 0.161110, SB loss: 0.127772
2026-04-19 18:23:38,984 0 [0.95478356 0.37848559 0.09069021 0.97732714 0.7267182  0.42088875] 0.5914822389039888
2026-04-19 18:23:38,984 1 [0.93124825 0.23033772 0.09860912 0.98220531 0.73464479 0.43208084] 0.5681876712386328
2026-04-19 18:23:38,985 => saving checkpoint to output/robotics_semantic/pidnet_small_robotics_semantic_refinedcheckpoint.pth.tar
2026-04-19 18:23:39,055 Loss: 1.889, MeanIU:  0.5682, Best_mIoU:  0.6041
2026-04-19 18:23:39,055 [0.93124825 0.23033772 0.09860912 0.98220531 0.73464479 0.43208084]
2026-04-19 18:23:39,347 Epoch: [9/30] Iter:[0/35], Time: 0.29, lr: [0.0007254178469372199], Loss: 0.235124, Acc:0.668368, Semantic loss: 0.071953, BCE loss: 0.088464, SB loss: 0.074706
2026-04-19 18:23:42,281 Epoch: [9/30] Iter:[10/35], Time: 0.29, lr: [0.0007165291064309449], Loss: 0.341083, Acc:0.783146, Semantic loss: 0.085773, BCE loss: 0.172651, SB loss: 0.082658
2026-04-19 18:23:45,140 Epoch: [9/30] Iter:[20/35], Time: 0.29, lr: [0.0007076280967248595], Loss: 0.451778, Acc:0.688920, Semantic loss: 0.175315, BCE loss: 0.158086, SB loss: 0.118378
2026-04-19 18:23:48,114 Epoch: [9/30] Iter:[30/35], Time: 0.29, lr: [0.0006987146289177426], Loss: 0.425625, Acc:0.698915, Semantic loss: 0.154461, BCE loss: 0.155245, SB loss: 0.115919
2026-04-19 18:23:49,986 0 [0.96154027 0.45133717 0.08839316 0.97563243 0.71341664 0.42622522] 0.6027574804109753
2026-04-19 18:23:49,986 1 [0.94794446 0.31455472 0.09810244 0.98272336 0.73944953 0.43867194] 0.5869077420784018
2026-04-19 18:23:49,986 => saving checkpoint to output/robotics_semantic/pidnet_small_robotics_semantic_refinedcheckpoint.pth.tar
2026-04-19 18:23:50,057 Loss: 1.877, MeanIU:  0.5869, Best_mIoU:  0.6041
2026-04-19 18:23:50,057 [0.94794446 0.31455472 0.09810244 0.98272336 0.73944953 0.43867194]
2026-04-19 18:23:50,373 Epoch: [10/30] Iter:[0/35], Time: 0.32, lr: [0.0006942531626616071], Loss: 0.300285, Acc:0.983735, Semantic loss: 0.070857, BCE loss: 0.155701, SB loss: 0.073727
2026-04-19 18:23:53,266 Epoch: [10/30] Iter:[10/35], Time: 0.29, lr: [0.0006853206411261565], Loss: 0.371886, Acc:0.708832, Semantic loss: 0.106816, BCE loss: 0.162275, SB loss: 0.102795
2026-04-19 18:23:56,167 Epoch: [10/30] Iter:[20/35], Time: 0.29, lr: [0.0006763751640452817], Loss: 0.500488, Acc:0.697129, Semantic loss: 0.182759, BCE loss: 0.155426, SB loss: 0.162302
2026-04-19 18:23:59,080 Epoch: [10/30] Iter:[30/35], Time: 0.29, lr: [0.0006674165216747855], Loss: 0.441009, Acc:0.694690, Semantic loss: 0.152964, BCE loss: 0.147817, SB loss: 0.140228
2026-04-19 18:24:00,934 0 [0.96098046 0.44505036 0.08711534 0.97495795 0.72252526 0.41935484] 0.6016640333078751
2026-04-19 18:24:00,935 1 [0.95118612 0.33484641 0.0918216  0.9776664  0.74027652 0.41571569] 0.5852521249828823
2026-04-19 18:24:00,935 => saving checkpoint to output/robotics_semantic/pidnet_small_robotics_semantic_refinedcheckpoint.pth.tar
2026-04-19 18:24:01,009 Loss: 1.890, MeanIU:  0.5853, Best_mIoU:  0.6041
2026-04-19 18:24:01,009 [0.95118612 0.33484641 0.0918216  0.9776664  0.74027652 0.41571569]
2026-04-19 18:24:01,302 Epoch: [11/30] Iter:[0/35], Time: 0.29, lr: [0.0006629321961700618], Loss: 0.261623, Acc:0.573986, Semantic loss: 0.068488, BCE loss: 0.104577, SB loss: 0.088558
2026-04-19 18:24:04,161 Epoch: [11/30] Iter:[10/35], Time: 0.29, lr: [0.0006539533981176326], Loss: 0.352110, Acc:0.567206, Semantic loss: 0.110021, BCE loss: 0.142500, SB loss: 0.099589
2026-04-19 18:24:07,058 Epoch: [11/30] Iter:[20/35], Time: 0.29, lr: [0.0006449608809469925], Loss: 0.417989, Acc:0.611547, Semantic loss: 0.136203, BCE loss: 0.137407, SB loss: 0.144379
2026-04-19 18:24:09,972 Epoch: [11/30] Iter:[30/35], Time: 0.29, lr: [0.0006359544104885832], Loss: 0.408402, Acc:0.643848, Semantic loss: 0.127969, BCE loss: 0.146239, SB loss: 0.134195
2026-04-19 18:24:11,814 0 [0.95725367 0.39601895 0.08633408 0.97617366 0.71953527 0.42774733] 0.5938438258897764
2026-04-19 18:24:11,814 1 [0.94278776 0.28024484 0.09563185 0.98027061 0.73962561 0.43071852] 0.5782131968434526
2026-04-19 18:24:11,814 => saving checkpoint to output/robotics_semantic/pidnet_small_robotics_semantic_refinedcheckpoint.pth.tar
2026-04-19 18:24:11,884 Loss: 1.986, MeanIU:  0.5782, Best_mIoU:  0.6041
2026-04-19 18:24:11,884 [0.94278776 0.28024484 0.09563185 0.98027061 0.73962561 0.43071852]
2026-04-19 18:24:12,169 Epoch: [12/30] Iter:[0/35], Time: 0.28, lr: [0.0006314458674893553], Loss: 0.331006, Acc:0.336374, Semantic loss: 0.091852, BCE loss: 0.123319, SB loss: 0.115835
2026-04-19 18:24:15,064 Epoch: [12/30] Iter:[10/35], Time: 0.29, lr: [0.0006224180109710306], Loss: 0.337705, Acc:0.587955, Semantic loss: 0.112734, BCE loss: 0.123437, SB loss: 0.101534
2026-04-19 18:24:17,965 Epoch: [12/30] Iter:[20/35], Time: 0.29, lr: [0.0006133755809806589], Loss: 0.330967, Acc:0.641824, Semantic loss: 0.102934, BCE loss: 0.126639, SB loss: 0.101393
2026-04-19 18:24:20,931 Epoch: [12/30] Iter:[30/35], Time: 0.29, lr: [0.0006043183144790013], Loss: 0.438099, Acc:0.641221, Semantic loss: 0.172970, BCE loss: 0.133775, SB loss: 0.131355
2026-04-19 18:24:22,771 0 [0.94928611 0.32827698 0.08803347 0.97644231 0.72484524 0.4255148 ] 0.5820664848797276
2026-04-19 18:24:22,772 1 [0.92955709 0.22082811 0.09891828 0.98074465 0.74834281 0.43540168] 0.5689654366859533
2026-04-19 18:24:22,772 => saving checkpoint to output/robotics_semantic/pidnet_small_robotics_semantic_refinedcheckpoint.pth.tar
2026-04-19 18:24:22,841 Loss: 1.998, MeanIU:  0.5690, Best_mIoU:  0.6041
2026-04-19 18:24:22,841 [0.92955709 0.22082811 0.09891828 0.98074465 0.74834281 0.43540168]
2026-04-19 18:24:23,163 Epoch: [13/30] Iter:[0/35], Time: 0.32, lr: [0.0005997840328298988], Loss: 0.412809, Acc:0.969479, Semantic loss: 0.094153, BCE loss: 0.223211, SB loss: 0.095446
2026-04-19 18:24:26,162 Epoch: [13/30] Iter:[10/35], Time: 0.30, lr: [0.0005907039980726807], Loss: 0.378437, Acc:0.658775, Semantic loss: 0.112414, BCE loss: 0.160700, SB loss: 0.105323
2026-04-19 18:24:29,147 Epoch: [13/30] Iter:[20/35], Time: 0.30, lr: [0.0005816084278196304], Loss: 0.433349, Acc:0.699618, Semantic loss: 0.136036, BCE loss: 0.173997, SB loss: 0.123317
2026-04-19 18:24:32,045 Epoch: [13/30] Iter:[30/35], Time: 0.30, lr: [0.0005724970245816072], Loss: 0.416841, Acc:0.676078, Semantic loss: 0.134301, BCE loss: 0.159868, SB loss: 0.122672
2026-04-19 18:24:33,902 0 [0.94988602 0.34356507 0.08482932 0.97660827 0.72856234 0.42909198] 0.5854238353711153
2026-04-19 18:24:33,902 1 [0.9370783  0.25230481 0.098875   0.98163329 0.74264336 0.4353931 ] 0.5746546439859354
2026-04-19 18:24:33,903 => saving checkpoint to output/robotics_semantic/pidnet_small_robotics_semantic_refinedcheckpoint.pth.tar
2026-04-19 18:24:33,973 Loss: 1.921, MeanIU:  0.5747, Best_mIoU:  0.6041
2026-04-19 18:24:33,973 [0.9370783  0.25230481 0.098875   0.98163329 0.74264336 0.4353931 ]
2026-04-19 18:24:34,269 Epoch: [14/30] Iter:[0/35], Time: 0.30, lr: [0.0005679352896179233], Loss: 0.248779, Acc:0.730571, Semantic loss: 0.071254, BCE loss: 0.104023, SB loss: 0.073501
2026-04-19 18:24:37,166 Epoch: [14/30] Iter:[10/35], Time: 0.29, lr: [0.0005587995547297758], Loss: 0.359879, Acc:0.691259, Semantic loss: 0.102515, BCE loss: 0.159374, SB loss: 0.097989
2026-04-19 18:24:40,042 Epoch: [14/30] Iter:[20/35], Time: 0.29, lr: [0.0005496471933421997], Loss: 0.404486, Acc:0.664472, Semantic loss: 0.140989, BCE loss: 0.155564, SB loss: 0.107932
2026-04-19 18:24:42,938 Epoch: [14/30] Iter:[30/35], Time: 0.29, lr: [0.0005404778664150056], Loss: 0.367827, Acc:0.662499, Semantic loss: 0.119381, BCE loss: 0.148346, SB loss: 0.100100
2026-04-19 18:24:44,777 0 [0.95824784 0.42346481 0.08995852 0.97685131 0.73145674 0.43112504] 0.6018507071619567
2026-04-19 18:24:44,777 1 [0.95518893 0.36149857 0.10006337 0.98165021 0.74591343 0.43529344] 0.5966013246495776
2026-04-19 18:24:44,778 => saving checkpoint to output/robotics_semantic/pidnet_small_robotics_semantic_refinedcheckpoint.pth.tar
2026-04-19 18:24:44,866 Loss: 1.980, MeanIU:  0.5966, Best_mIoU:  0.6041
2026-04-19 18:24:44,867 [0.95518893 0.36149857 0.10006337 0.98165021 0.74591343 0.43529344]
2026-04-19 18:24:45,175 Epoch: [15/30] Iter:[0/35], Time: 0.30, lr: [0.0005358867312681466], Loss: 0.442430, Acc:0.878882, Semantic loss: 0.099505, BCE loss: 0.250299, SB loss: 0.092627
2026-04-19 18:24:48,114 Epoch: [15/30] Iter:[10/35], Time: 0.29, lr: [0.0005266912906944545], Loss: 0.583870, Acc:0.742288, Semantic loss: 0.252525, BCE loss: 0.172374, SB loss: 0.158971
2026-04-19 18:24:51,060 Epoch: [15/30] Iter:[20/35], Time: 0.29, lr: [0.000517477976369359], Loss: 0.490224, Acc:0.781463, Semantic loss: 0.178972, BCE loss: 0.185632, SB loss: 0.125620
2026-04-19 18:24:54,014 Epoch: [15/30] Iter:[30/35], Time: 0.29, lr: [0.0005082463985273852], Loss: 0.441823, Acc:0.766493, Semantic loss: 0.151027, BCE loss: 0.173709, SB loss: 0.117088
2026-04-19 18:24:55,856 0 [0.95757036 0.4091498  0.09226642 0.97653366 0.72878378 0.43464177] 0.5998242978823116
2026-04-19 18:24:55,856 1 [0.95511847 0.36359548 0.09884411 0.98109635 0.74735635 0.43559519] 0.5969343263519363
2026-04-19 18:24:55,857 => saving checkpoint to output/robotics_semantic/pidnet_small_robotics_semantic_refinedcheckpoint.pth.tar
2026-04-19 18:24:55,928 Loss: 1.915, MeanIU:  0.5969, Best_mIoU:  0.6041
2026-04-19 18:24:55,928 [0.95511847 0.36359548 0.09884411 0.98109635 0.74735635 0.43559519]
2026-04-19 18:24:56,230 Epoch: [16/30] Iter:[0/35], Time: 0.30, lr: [0.0005036236344873385], Loss: 0.284095, Acc:0.981356, Semantic loss: 0.066676, BCE loss: 0.145347, SB loss: 0.072072
2026-04-19 18:24:59,104 Epoch: [16/30] Iter:[10/35], Time: 0.29, lr: [0.0004943638940573846], Loss: 0.294412, Acc:0.643522, Semantic loss: 0.088261, BCE loss: 0.115132, SB loss: 0.091018
2026-04-19 18:25:02,017 Epoch: [16/30] Iter:[20/35], Time: 0.29, lr: [0.00048508484092407386], Loss: 0.400108, Acc:0.681633, Semantic loss: 0.136290, BCE loss: 0.150074, SB loss: 0.113745
2026-04-19 18:25:04,900 Epoch: [16/30] Iter:[30/35], Time: 0.29, lr: [0.00047578602253911436], Loss: 0.372888, Acc:0.678585, Semantic loss: 0.125216, BCE loss: 0.140142, SB loss: 0.107531
2026-04-19 18:25:06,737 0 [0.95572676 0.39777887 0.09103464 0.97699051 0.72970473 0.43281024] 0.5973409592376362
2026-04-19 18:25:06,738 1 [0.94976849 0.37416069 0.09885646 0.98174222 0.71648694 0.43358245] 0.5924328749393079
2026-04-19 18:25:06,738 => saving checkpoint to output/robotics_semantic/pidnet_small_robotics_semantic_refinedcheckpoint.pth.tar
2026-04-19 18:25:06,812 Loss: 1.976, MeanIU:  0.5924, Best_mIoU:  0.6041
2026-04-19 18:25:06,812 [0.94976849 0.37416069 0.09885646 0.98174222 0.71648694 0.43358245]
2026-04-19 18:25:07,126 Epoch: [17/30] Iter:[0/35], Time: 0.31, lr: [0.00047112905433747303], Loss: 2.597243, Acc:0.806091, Semantic loss: 1.466892, BCE loss: 0.219592, SB loss: 0.910759
2026-04-19 18:25:10,042 Epoch: [17/30] Iter:[10/35], Time: 0.29, lr: [0.0004617996939074916], Loss: 0.586251, Acc:0.749756, Semantic loss: 0.234718, BCE loss: 0.183383, SB loss: 0.168150
2026-04-19 18:25:12,917 Epoch: [17/30] Iter:[20/35], Time: 0.29, lr: [0.00045244934319166053], Loss: 0.486704, Acc:0.703244, Semantic loss: 0.184151, BCE loss: 0.158962, SB loss: 0.143590
2026-04-19 18:25:15,848 Epoch: [17/30] Iter:[30/35], Time: 0.29, lr: [0.00044307747069787434], Loss: 0.423734, Acc:0.675402, Semantic loss: 0.154424, BCE loss: 0.140992, SB loss: 0.128318
2026-04-19 18:25:17,694 0 [0.95515513 0.39061667 0.09145037 0.97557633 0.7238236  0.43093315] 0.594592541001576
2026-04-19 18:25:17,694 1 [0.95108896 0.3749971  0.10118856 0.98091485 0.72291494 0.43232552] 0.5939049879732327
2026-04-19 18:25:17,694 => saving checkpoint to output/robotics_semantic/pidnet_small_robotics_semantic_refinedcheckpoint.pth.tar
2026-04-19 18:25:17,763 Loss: 1.956, MeanIU:  0.5939, Best_mIoU:  0.6041
2026-04-19 18:25:17,764 [0.95108896 0.3749971  0.10118856 0.98091485 0.72291494 0.43232552]
2026-04-19 18:25:18,074 Epoch: [18/30] Iter:[0/35], Time: 0.31, lr: [0.00043838329055408696], Loss: 0.243338, Acc:0.731447, Semantic loss: 0.059890, BCE loss: 0.107912, SB loss: 0.075536
2026-04-19 18:25:20,965 Epoch: [18/30] Iter:[10/35], Time: 0.29, lr: [0.0004289780807819175], Loss: 0.292892, Acc:0.662364, Semantic loss: 0.077350, BCE loss: 0.129089, SB loss: 0.086453
2026-04-19 18:25:23,836 Epoch: [18/30] Iter:[20/35], Time: 0.29, lr: [0.0004195499010813783], Loss: 0.288969, Acc:0.636320, Semantic loss: 0.084053, BCE loss: 0.117349, SB loss: 0.087567
2026-04-19 18:25:26,741 Epoch: [18/30] Iter:[30/35], Time: 0.29, lr: [0.00041009811885881435], Loss: 0.360072, Acc:0.658172, Semantic loss: 0.124244, BCE loss: 0.131595, SB loss: 0.104233
2026-04-19 18:25:28,590 0 [0.95431683 0.39051651 0.09069527 0.97483494 0.71019669 0.43253853] 0.5921831284239268
2026-04-19 18:25:28,590 1 [0.93640194 0.33877893 0.09973522 0.98133259 0.67598743 0.43533615] 0.5779287100323561
2026-04-19 18:25:28,590 => saving checkpoint to output/robotics_semantic/pidnet_small_robotics_semantic_refinedcheckpoint.pth.tar
2026-04-19 18:25:28,661 Loss: 1.949, MeanIU:  0.5779, Best_mIoU:  0.6041
2026-04-19 18:25:28,661 [0.93640194 0.33877893 0.09973522 0.98133259 0.67598743 0.43533615]
2026-04-19 18:25:28,954 Epoch: [19/30] Iter:[0/35], Time: 0.29, lr: [0.0004053631698615512], Loss: 0.259256, Acc:0.635642, Semantic loss: 0.075555, BCE loss: 0.087592, SB loss: 0.096108
2026-04-19 18:25:31,866 Epoch: [19/30] Iter:[10/35], Time: 0.29, lr: [0.00039587472235723994], Loss: 0.274257, Acc:0.693033, Semantic loss: 0.083512, BCE loss: 0.099320, SB loss: 0.091425
2026-04-19 18:25:34,766 Epoch: [19/30] Iter:[20/35], Time: 0.29, lr: [0.00038636093540143814], Loss: 0.326205, Acc:0.693206, Semantic loss: 0.090250, BCE loss: 0.144051, SB loss: 0.091903
2026-04-19 18:25:37,666 Epoch: [19/30] Iter:[30/35], Time: 0.29, lr: [0.00037682104410324997], Loss: 0.321457, Acc:0.679763, Semantic loss: 0.087496, BCE loss: 0.143500, SB loss: 0.090461
2026-04-19 18:25:39,573 0 [0.95571234 0.41410609 0.0892032  0.97494434 0.70794487 0.43088154] 0.5954653979755525
2026-04-19 18:25:39,574 1 [0.94801702 0.38724739 0.0985547  0.98160184 0.69858268 0.43666848] 0.591778684431077
2026-04-19 18:25:39,574 => saving checkpoint to output/robotics_semantic/pidnet_small_robotics_semantic_refinedcheckpoint.pth.tar
2026-04-19 18:25:39,644 Loss: 1.980, MeanIU:  0.5918, Best_mIoU:  0.6041
2026-04-19 18:25:39,644 [0.94801702 0.38724739 0.0985547  0.98160184 0.69858268 0.43666848]
2026-04-19 18:25:39,942 Epoch: [20/30] Iter:[0/35], Time: 0.30, lr: [0.00037204105801130153], Loss: 0.346384, Acc:0.887287, Semantic loss: 0.090951, BCE loss: 0.175098, SB loss: 0.080336
2026-04-19 18:25:42,856 Epoch: [20/30] Iter:[10/35], Time: 0.29, lr: [0.0003624604757711824], Loss: 0.376116, Acc:0.707829, Semantic loss: 0.112825, BCE loss: 0.163869, SB loss: 0.099422
2026-04-19 18:25:45,808 Epoch: [20/30] Iter:[20/35], Time: 0.29, lr: [0.0003528516695890087], Loss: 0.378829, Acc:0.748394, Semantic loss: 0.111088, BCE loss: 0.168967, SB loss: 0.098775
2026-04-19 18:25:48,751 Epoch: [20/30] Iter:[30/35], Time: 0.29, lr: [0.0003432136969550469], Loss: 0.397903, Acc:0.742763, Semantic loss: 0.129206, BCE loss: 0.159508, SB loss: 0.109189
2026-04-19 18:25:50,602 0 [0.95359664 0.38454035 0.08712413 0.97017156 0.69368178 0.43410988] 0.5872040566054039
2026-04-19 18:25:50,603 1 [0.94238112 0.34868832 0.09597523 0.98153162 0.68993805 0.43889206] 0.5829010673715233
2026-04-19 18:25:50,603 => saving checkpoint to output/robotics_semantic/pidnet_small_robotics_semantic_refinedcheckpoint.pth.tar
2026-04-19 18:25:50,674 Loss: 1.917, MeanIU:  0.5829, Best_mIoU:  0.6041
2026-04-19 18:25:50,674 [0.94238112 0.34868832 0.09597523 0.98153162 0.68993805 0.43889206]
2026-04-19 18:25:50,990 Epoch: [21/30] Iter:[0/35], Time: 0.31, lr: [0.0003383834619016499], Loss: 1.076464, Acc:0.933122, Semantic loss: 0.504411, BCE loss: 0.218815, SB loss: 0.353237
2026-04-19 18:25:54,055 Epoch: [21/30] Iter:[10/35], Time: 0.31, lr: [0.00032869983513142555], Loss: 0.440572, Acc:0.643176, Semantic loss: 0.160064, BCE loss: 0.147138, SB loss: 0.133370
2026-04-19 18:25:57,152 Epoch: [21/30] Iter:[20/35], Time: 0.31, lr: [0.00031898440066470505], Loss: 0.354530, Acc:0.670105, Semantic loss: 0.117006, BCE loss: 0.129556, SB loss: 0.107968
2026-04-19 18:26:00,266 Epoch: [21/30] Iter:[30/35], Time: 0.31, lr: [0.0003092359699905523], Loss: 0.349341, Acc:0.659688, Semantic loss: 0.111034, BCE loss: 0.134144, SB loss: 0.104163
2026-04-19 18:26:02,280 0 [0.95596897 0.40419934 0.08990169 0.9727193  0.71056914 0.43227364] 0.5942720133580753
2026-04-19 18:26:02,281 1 [0.94631165 0.37428214 0.1003302  0.98153134 0.70130196 0.43797707] 0.5902890594461471
2026-04-19 18:26:02,281 => saving checkpoint to output/robotics_semantic/pidnet_small_robotics_semantic_refinedcheckpoint.pth.tar
2026-04-19 18:26:02,362 Loss: 1.957, MeanIU:  0.5903, Best_mIoU:  0.6041
2026-04-19 18:26:02,363 [0.94631165 0.37428214 0.1003302  0.98153134 0.70130196 0.43797707]
2026-04-19 18:26:02,672 Epoch: [22/30] Iter:[0/35], Time: 0.31, lr: [0.00030434898592517713], Loss: 0.355425, Acc:0.662835, Semantic loss: 0.096491, BCE loss: 0.143978, SB loss: 0.114955
2026-04-19 18:26:05,762 Epoch: [22/30] Iter:[10/35], Time: 0.31, lr: [0.0002945486377908624], Loss: 0.299545, Acc:0.651406, Semantic loss: 0.083496, BCE loss: 0.129313, SB loss: 0.086736
2026-04-19 18:26:08,898 Epoch: [22/30] Iter:[20/35], Time: 0.31, lr: [0.0002847119160193075], Loss: 0.337791, Acc:0.722400, Semantic loss: 0.095979, BCE loss: 0.150179, SB loss: 0.091633
2026-04-19 18:26:11,968 Epoch: [22/30] Iter:[30/35], Time: 0.31, lr: [0.00027483727801429946], Loss: 0.379520, Acc:0.688334, Semantic loss: 0.128733, BCE loss: 0.137889, SB loss: 0.112897
2026-04-19 18:26:13,992 0 [0.95456953 0.38293942 0.08677301 0.96874425 0.69386477 0.43783879] 0.5874549609462951
2026-04-19 18:26:13,993 1 [0.9458533  0.31233109 0.08934076 0.98183309 0.71330928 0.44249906] 0.5808610969828025
2026-04-19 18:26:13,993 => saving checkpoint to output/robotics_semantic/pidnet_small_robotics_semantic_refinedcheckpoint.pth.tar
2026-04-19 18:26:14,069 Loss: 1.930, MeanIU:  0.5809, Best_mIoU:  0.6041
2026-04-19 18:26:14,069 [0.9458533  0.31233109 0.08934076 0.98183309 0.71330928 0.44249906]
2026-04-19 18:26:14,377 Epoch: [23/30] Iter:[0/35], Time: 0.31, lr: [0.00026988522327480363], Loss: 0.199263, Acc:0.573771, Semantic loss: 0.052159, BCE loss: 0.069902, SB loss: 0.077203
2026-04-19 18:26:17,455 Epoch: [23/30] Iter:[10/35], Time: 0.31, lr: [0.0002599505297905308], Loss: 0.396450, Acc:0.674825, Semantic loss: 0.144806, BCE loss: 0.121878, SB loss: 0.129766
2026-04-19 18:26:20,555 Epoch: [23/30] Iter:[20/35], Time: 0.31, lr: [0.00024997345747597503], Loss: 0.395396, Acc:0.704045, Semantic loss: 0.132485, BCE loss: 0.151659, SB loss: 0.111252
2026-04-19 18:26:23,653 Epoch: [23/30] Iter:[30/35], Time: 0.31, lr: [0.0002399519285234202], Loss: 0.376376, Acc:0.695267, Semantic loss: 0.119320, BCE loss: 0.150208, SB loss: 0.106847
2026-04-19 18:26:25,655 0 [0.95367935 0.37067878 0.09222876 0.97172769 0.71032304 0.43503637] 0.5889456653304718
2026-04-19 18:26:25,655 1 [0.9465166  0.31940877 0.09946591 0.98154048 0.73148453 0.43874367] 0.5861933259301088
2026-04-19 18:26:25,656 => saving checkpoint to output/robotics_semantic/pidnet_small_robotics_semantic_refinedcheckpoint.pth.tar
2026-04-19 18:26:25,862 Loss: 1.969, MeanIU:  0.5862, Best_mIoU:  0.6041
2026-04-19 18:26:25,863 [0.9465166  0.31940877 0.09946591 0.98154048 0.73148453 0.43874367]
2026-04-19 18:26:26,181 Epoch: [24/30] Iter:[0/35], Time: 0.32, lr: [0.00023492378861760376], Loss: 0.519538, Acc:0.653871, Semantic loss: 0.182602, BCE loss: 0.202239, SB loss: 0.134698
2026-04-19 18:26:29,259 Epoch: [24/30] Iter:[10/35], Time: 0.31, lr: [0.00022483122509437404], Loss: 0.438262, Acc:0.566037, Semantic loss: 0.177237, BCE loss: 0.103947, SB loss: 0.157077
2026-04-19 18:26:32,406 Epoch: [24/30] Iter:[20/35], Time: 0.31, lr: [0.00021468805017467072], Loss: 0.402628, Acc:0.657318, Semantic loss: 0.139456, BCE loss: 0.137424, SB loss: 0.125747
2026-04-19 18:26:35,600 Epoch: [24/30] Iter:[30/35], Time: 0.31, lr: [0.0002044913233439743], Loss: 0.353616, Acc:0.667313, Semantic loss: 0.115885, BCE loss: 0.127946, SB loss: 0.109784
2026-04-19 18:26:37,573 0 [0.95379896 0.37072902 0.09077868 0.97379968 0.71742896 0.43003413] 0.5894282377144997
2026-04-19 18:26:37,573 1 [0.94859524 0.31393024 0.09835185 0.98202221 0.73498437 0.43703112] 0.5858191709146896
2026-04-19 18:26:37,574 => saving checkpoint to output/robotics_semantic/pidnet_small_robotics_semantic_refinedcheckpoint.pth.tar
2026-04-19 18:26:37,648 Loss: 1.974, MeanIU:  0.5858, Best_mIoU:  0.6041
2026-04-19 18:26:37,648 [0.94859524 0.31393024 0.09835185 0.98202221 0.73498437 0.43703112]
2026-04-19 18:26:37,950 Epoch: [25/30] Iter:[0/35], Time: 0.30, lr: [0.0001993718664752192], Loss: 0.151721, Acc:0.352074, Semantic loss: 0.040998, BCE loss: 0.045027, SB loss: 0.065696
2026-04-19 18:26:41,087 Epoch: [25/30] Iter:[10/35], Time: 0.31, lr: [0.00018908852783856197], Loss: 0.346479, Acc:0.723011, Semantic loss: 0.084650, BCE loss: 0.174374, SB loss: 0.087455
2026-04-19 18:26:44,203 Epoch: [25/30] Iter:[20/35], Time: 0.31, lr: [0.00017874263633073736], Loss: 0.320718, Acc:0.692898, Semantic loss: 0.082057, BCE loss: 0.151146, SB loss: 0.087515
2026-04-19 18:26:47,367 Epoch: [25/30] Iter:[30/35], Time: 0.31, lr: [0.0001683297323375438], Loss: 0.337900, Acc:0.733899, Semantic loss: 0.095888, BCE loss: 0.149032, SB loss: 0.092981
2026-04-19 18:26:49,385 0 [0.95561162 0.38664689 0.09337189 0.97033106 0.70849765 0.43521346] 0.5916120947162838
2026-04-19 18:26:49,385 1 [0.94532123 0.32616892 0.09902101 0.9812858  0.7175052  0.43520727] 0.5840849054510201
2026-04-19 18:26:49,386 => saving checkpoint to output/robotics_semantic/pidnet_small_robotics_semantic_refinedcheckpoint.pth.tar
2026-04-19 18:26:49,483 Loss: 1.955, MeanIU:  0.5841, Best_mIoU:  0.6041
2026-04-19 18:26:49,483 [0.94532123 0.32616892 0.09902101 0.9812858  0.7175052  0.43520727]
2026-04-19 18:26:49,796 Epoch: [26/30] Iter:[0/35], Time: 0.31, lr: [0.00016309658323221824], Loss: 0.197302, Acc:0.734713, Semantic loss: 0.052162, BCE loss: 0.077902, SB loss: 0.067237
2026-04-19 18:26:52,915 Epoch: [26/30] Iter:[10/35], Time: 0.31, lr: [0.00015257333802867775], Loss: 0.360453, Acc:0.648369, Semantic loss: 0.131674, BCE loss: 0.115368, SB loss: 0.113411
2026-04-19 18:26:55,997 Epoch: [26/30] Iter:[20/35], Time: 0.31, lr: [0.00014196874796841157], Loss: 0.321604, Acc:0.637098, Semantic loss: 0.106896, BCE loss: 0.114684, SB loss: 0.100025
2026-04-19 18:26:59,123 Epoch: [26/30] Iter:[30/35], Time: 0.31, lr: [0.00013127530847494893], Loss: 0.341771, Acc:0.663705, Semantic loss: 0.106438, BCE loss: 0.135164, SB loss: 0.100169
2026-04-19 18:27:01,123 0 [0.9575744  0.40601976 0.09130786 0.97141746 0.7112589  0.43105086] 0.5947715399806024
2026-04-19 18:27:01,123 1 [0.9500664  0.32770113 0.09719734 0.98101554 0.7312961  0.43463804] 0.586985758185107
2026-04-19 18:27:01,123 => saving checkpoint to output/robotics_semantic/pidnet_small_robotics_semantic_refinedcheckpoint.pth.tar
2026-04-19 18:27:01,203 Loss: 1.918, MeanIU:  0.5870, Best_mIoU:  0.6041
2026-04-19 18:27:01,204 [0.9500664  0.32770113 0.09719734 0.98101554 0.7312961  0.43463804]
2026-04-19 18:27:01,545 Epoch: [27/30] Iter:[0/35], Time: 0.34, lr: [0.00012589254117941672], Loss: 0.361439, Acc:0.983828, Semantic loss: 0.093684, BCE loss: 0.179800, SB loss: 0.087955
2026-04-19 18:27:04,656 Epoch: [27/30] Iter:[10/35], Time: 0.31, lr: [0.00011504847745043613], Loss: 0.325886, Acc:0.747822, Semantic loss: 0.099801, BCE loss: 0.124931, SB loss: 0.101154
2026-04-19 18:27:07,739 Epoch: [27/30] Iter:[20/35], Time: 0.31, lr: [0.00010408943806745003], Loss: 0.329076, Acc:0.673565, Semantic loss: 0.103472, BCE loss: 0.116857, SB loss: 0.108747
2026-04-19 18:27:10,865 Epoch: [27/30] Iter:[30/35], Time: 0.31, lr: [9.30003895941048e-05], Loss: 0.358711, Acc:0.687571, Semantic loss: 0.107447, BCE loss: 0.145831, SB loss: 0.105434
2026-04-19 18:27:12,829 0 [0.95842579 0.41973953 0.09244434 0.97421324 0.71979507 0.42762761] 0.5987075946780522
2026-04-19 18:27:12,829 1 [0.95313839 0.34678077 0.10058809 0.98110797 0.73505821 0.43505981] 0.5919555383593117
2026-04-19 18:27:12,830 => saving checkpoint to output/robotics_semantic/pidnet_small_robotics_semantic_refinedcheckpoint.pth.tar
2026-04-19 18:27:12,920 Loss: 1.991, MeanIU:  0.5920, Best_mIoU:  0.6041
2026-04-19 18:27:12,921 [0.95313839 0.34678077 0.10058809 0.98110797 0.73505821 0.43505981]
2026-04-19 18:27:13,251 Epoch: [28/30] Iter:[0/35], Time: 0.33, lr: [8.740129486931664e-05], Loss: 0.311508, Acc:0.662742, Semantic loss: 0.084639, BCE loss: 0.125897, SB loss: 0.100972
2026-04-19 18:27:16,384 Epoch: [28/30] Iter:[10/35], Time: 0.31, lr: [7.607916829102338e-05], Loss: 0.380114, Acc:0.742281, Semantic loss: 0.098665, BCE loss: 0.189153, SB loss: 0.092296
2026-04-19 18:27:19,456 Epoch: [28/30] Iter:[20/35], Time: 0.31, lr: [6.456581460446897e-05], Loss: 0.342815, Acc:0.683004, Semantic loss: 0.088653, BCE loss: 0.162120, SB loss: 0.092042
2026-04-19 18:27:22,593 Epoch: [28/30] Iter:[30/35], Time: 0.31, lr: [5.28182031987076e-05], Loss: 0.403328, Acc:0.690593, Semantic loss: 0.137232, BCE loss: 0.150762, SB loss: 0.115334
2026-04-19 18:27:24,603 0 [0.95745666 0.4013913  0.09338292 0.97230994 0.71629386 0.43267746] 0.595585356376465
2026-04-19 18:27:24,604 1 [0.95397708 0.35463217 0.10043183 0.98026848 0.73745    0.43357364] 0.5933888671494456
2026-04-19 18:27:24,604 => saving checkpoint to output/robotics_semantic/pidnet_small_robotics_semantic_refinedcheckpoint.pth.tar
2026-04-19 18:27:24,681 Loss: 1.948, MeanIU:  0.5934, Best_mIoU:  0.6041
2026-04-19 18:27:24,681 [0.95397708 0.35463217 0.10043183 0.98026848 0.73745    0.43357364]
2026-04-19 18:27:25,005 Epoch: [29/30] Iter:[0/35], Time: 0.32, lr: [4.6837194216121523e-05], Loss: 0.183760, Acc:0.637158, Semantic loss: 0.046847, BCE loss: 0.067774, SB loss: 0.069139
2026-04-19 18:27:28,121 Epoch: [29/30] Iter:[10/35], Time: 0.31, lr: [3.459996334005403e-05], Loss: 0.266004, Acc:0.724431, Semantic loss: 0.066118, BCE loss: 0.126669, SB loss: 0.073217
2026-04-19 18:27:31,197 Epoch: [29/30] Iter:[20/35], Time: 0.31, lr: [2.1848003866360216e-05], Loss: 0.296913, Acc:0.673004, Semantic loss: 0.087768, BCE loss: 0.122120, SB loss: 0.087025
2026-04-19 18:27:34,319 Epoch: [29/30] Iter:[30/35], Time: 0.31, lr: [8.128354473875658e-06], Loss: 0.345036, Acc:0.685834, Semantic loss: 0.106948, BCE loss: 0.135354, SB loss: 0.102734
2026-04-19 18:27:36,306 0 [0.95665147 0.39780707 0.09356518 0.97163206 0.7135767  0.43159182] 0.5941373840631589
2026-04-19 18:27:36,306 1 [0.95256226 0.34652468 0.10006161 0.98112357 0.73707199 0.43595334] 0.5922162412689009
2026-04-19 18:27:36,307 => saving checkpoint to output/robotics_semantic/pidnet_small_robotics_semantic_refinedcheckpoint.pth.tar
2026-04-19 18:27:36,386 Loss: 1.965, MeanIU:  0.5922, Best_mIoU:  0.6041
2026-04-19 18:27:36,387 [0.95256226 0.34652468 0.10006161 0.98112357 0.73707199 0.43595334]
2026-04-19 18:27:36,451 Hours: 0
2026-04-19 18:27:36,451 Done
